c:\users\jensh\onedrive\dokumente\gitsurface\ausgleichsgrade\programm\ausgleichsgrade\x64\debug\vc141.pdb
c:\users\jensh\onedrive\dokumente\gitsurface\ausgleichsgrade\programm\ausgleichsgrade\x64\debug\vc141.idb
c:\users\jensh\onedrive\dokumente\gitsurface\ausgleichsgrade\programm\ausgleichsgrade\x64\debug\main.obj
c:\users\jensh\onedrive\dokumente\gitsurface\ausgleichsgrade\programm\ausgleichsgrade\x64\debug\help.obj
c:\users\jensh\onedrive\dokumente\gitsurface\ausgleichsgrade\programm\ausgleichsgrade\x64\debug\datenverwaltung.obj
c:\users\jensh\onedrive\dokumente\gitsurface\ausgleichsgrade\programm\ausgleichsgrade\x64\debug\datenhandling.obj
c:\users\jensh\onedrive\dokumente\gitsurface\ausgleichsgrade\programm\ausgleichsgrade\x64\debug\berechnung.obj
c:\users\jensh\onedrive\dokumente\gitsurface\ausgleichsgrade\programm\ausgleichsgrade\x64\debug\datenuserinterface.obj
c:\users\jensh\onedrive\dokumente\gitsurface\ausgleichsgrade\programm\ausgleichsgrade\x64\debug\datenimexport.obj
c:\users\jensh\documents\ausgleichsgerade\programm\ausgleichsgrade\x64\debug\vc141.pdb
c:\users\jensh\documents\ausgleichsgerade\programm\ausgleichsgrade\x64\debug\vc141.idb
c:\users\jensh\documents\ausgleichsgerade\programm\ausgleichsgrade\x64\debug\help.obj
c:\users\jensh\documents\ausgleichsgerade\programm\ausgleichsgrade\x64\debug\main.obj
c:\users\jensh\documents\ausgleichsgerade\programm\ausgleichsgrade\x64\debug\datenimexport.obj
c:\users\jensh\documents\ausgleichsgerade\programm\ausgleichsgrade\x64\debug\datenhandling.obj
c:\users\jensh\documents\ausgleichsgerade\programm\ausgleichsgrade\x64\debug\berechnung.obj
c:\users\jensh\documents\ausgleichsgerade\programm\ausgleichsgrade\x64\debug\datenuserinterface.obj
c:\users\jensh\documents\ausgleichsgerade\programm\ausgleichsgrade\x64\debug\ausgleichsgrade.exe
c:\users\jensh\documents\ausgleichsgerade\programm\ausgleichsgrade\x64\debug\ausgleichsgrade.ilk
c:\users\jensh\documents\ausgleichsgerade\programm\ausgleichsgrade\x64\debug\ausgleichsgrade.pdb
c:\users\jensh\documents\ausgleichsgerade\programm\ausgleichsgrade\x64\debug\ausgleichsgrade.tlog\cl.command.1.tlog
c:\users\jensh\documents\ausgleichsgerade\programm\ausgleichsgrade\x64\debug\ausgleichsgrade.tlog\cl.read.1.tlog
c:\users\jensh\documents\ausgleichsgerade\programm\ausgleichsgrade\x64\debug\ausgleichsgrade.tlog\cl.write.1.tlog
c:\users\jensh\documents\ausgleichsgerade\programm\ausgleichsgrade\x64\debug\ausgleichsgrade.tlog\link.command.1.tlog
c:\users\jensh\documents\ausgleichsgerade\programm\ausgleichsgrade\x64\debug\ausgleichsgrade.tlog\link.read.1.tlog
c:\users\jensh\documents\ausgleichsgerade\programm\ausgleichsgrade\x64\debug\ausgleichsgrade.tlog\link.write.1.tlog
